<?xml version="1.0" encoding="UTF-8"?>
<testng-results skipped="0" failed="0" ignored="0" total="1" passed="1">
  <reporter-output>
  </reporter-output>
  <suite name="Suite" duration-ms="18957" started-at="2018-12-10T22:00:54Z" finished-at="2018-12-10T22:01:13Z">
    <groups>
    </groups>
    <test name="Test" duration-ms="18957" started-at="2018-12-10T22:00:54Z" finished-at="2018-12-10T22:01:13Z">
      <class name="com.linkedin.testcases.Login">
        <test-method status="PASS" signature="verifyHomePage(java.lang.String, java.lang.String)[pri:0, instance:com.linkedin.testcases.Login@10e31a9a]" name="verifyHomePage" duration-ms="14854" started-at="2018-12-10T22:00:55Z" data-provider="getdata" finished-at="2018-12-10T22:01:09Z">
          <params>
            <param index="0">
              <value>
                <![CDATA[ratheeshsm@gmail.com]]>
              </value>
            </param>
            <param index="1">
              <value>
                <![CDATA[@11July2012]]>
              </value>
            </param>
          </params>
          <reporter-output>
          </reporter-output>
        </test-method> <!-- verifyHomePage -->
      </class> <!-- com.linkedin.testcases.Login -->
    </test> <!-- Test -->
  </suite> <!-- Suite -->
</testng-results>
